2024-03-06 03:29:00 -WebSocketSession[0 current WS(0)-HttpStream(0)-HttpPoll(0), 0 total, 0 closed abnormally (0 connect failure, 0 send limit, 0 transport error)], stompSubProtocol[processed CONNECT(0)-CONNECTED(0)-DISCONNECT(0)], stompBrokerRelay[null], inboundChannel[pool size = 0, active threads = 0, queued tasks = 0, completed tasks = 0], outboundChannelpool size = 0, active threads = 0, queued tasks = 0, completed tasks = 0], sockJsScheduler[pool size = 4, active threads = 1, queued tasks = 0, completed tasks = 3]
2024-03-06 08:01:24 -Validating all active sessions...
2024-03-06 08:01:24 -Finished session validation.  No sessions were stopped.
2024-03-06 08:02:05 -WebSocketSession[0 current WS(0)-HttpStream(0)-HttpPoll(0), 0 total, 0 closed abnormally (0 connect failure, 0 send limit, 0 transport error)], stompSubProtocol[processed CONNECT(0)-CONNECTED(0)-DISCONNECT(0)], stompBrokerRelay[null], inboundChannel[pool size = 0, active threads = 0, queued tasks = 0, completed tasks = 0], outboundChannelpool size = 0, active threads = 0, queued tasks = 0, completed tasks = 0], sockJsScheduler[pool size = 5, active threads = 1, queued tasks = 0, completed tasks = 4]
2024-03-06 13:55:19 -WebSocketSession[0 current WS(0)-HttpStream(0)-HttpPoll(0), 0 total, 0 closed abnormally (0 connect failure, 0 send limit, 0 transport error)], stompSubProtocol[processed CONNECT(0)-CONNECTED(0)-DISCONNECT(0)], stompBrokerRelay[null], inboundChannel[pool size = 0, active threads = 0, queued tasks = 0, completed tasks = 0], outboundChannelpool size = 0, active threads = 0, queued tasks = 0, completed tasks = 0], sockJsScheduler[pool size = 6, active threads = 1, queued tasks = 0, completed tasks = 5]
2024-03-06 16:58:11 -请求地址 : http://localhost:8080/home
2024-03-06 16:58:11 -HTTP METHOD : GET
2024-03-06 16:58:11 -CLASS_METHOD : com.bootdo.home.controller.HomeController.home
2024-03-06 16:58:11 -参数 : [{}]
2024-03-06 16:58:11 -==>  Preparing: select `cid`,`title`,`summary`,`pic`,`content`,`type`,`status`,`modified`,`created`,`author`,`gtm_create`,`gtm_modified` from a_news WHERE type = ? order by cid desc limit ?, ? 
2024-03-06 16:58:11 -==> Parameters: news(String), 0(Integer), 3(Integer)
2024-03-06 16:58:11 -<==      Total: 3
2024-03-06 16:58:11 -==>  Preparing: select count(*) from a_news WHERE type = ? 
2024-03-06 16:58:11 -==> Parameters: news(String)
2024-03-06 16:58:11 -<==      Total: 1
2024-03-06 16:58:11 -==>  Preparing: select `cid`,`title`,`summary`,`pic`,`content`,`type`,`status`,`modified`,`created`,`author`,`gtm_create`,`gtm_modified` from a_news WHERE type = ? order by cid desc limit ?, ? 
2024-03-06 16:58:11 -==> Parameters: announcement(String), 0(Integer), 2(Integer)
2024-03-06 16:58:11 -<==      Total: 1
2024-03-06 16:58:11 -==>  Preparing: select count(*) from a_news WHERE type = ? 
2024-03-06 16:58:11 -==> Parameters: announcement(String)
2024-03-06 16:58:11 -<==      Total: 1
2024-03-06 16:58:11 -==>  Preparing: select `cid`,`title`,`summary`,`pic`,`content`,`type`,`status`,`modified`,`created`,`author`,`gtm_create`,`gtm_modified` from a_news WHERE type = ? order by cid desc limit ?, ? 
2024-03-06 16:58:11 -==> Parameters: message(String), 0(Integer), 3(Integer)
2024-03-06 16:58:11 -<==      Total: 3
2024-03-06 16:58:11 -==>  Preparing: select count(*) from a_news WHERE type = ? 
2024-03-06 16:58:11 -==> Parameters: message(String)
2024-03-06 16:58:11 -<==      Total: 1
2024-03-06 16:58:11 -==>  Preparing: select `cid`,`title`,`summary`,`pic`,`content`,`type`,`status`,`modified`,`created`,`author`,`gtm_create`,`gtm_modified` from a_news WHERE type = ? order by cid desc limit ?, ? 
2024-03-06 16:58:11 -==> Parameters: case(String), 0(Integer), 1(Integer)
2024-03-06 16:58:11 -<==      Total: 1
2024-03-06 16:58:11 -==>  Preparing: select `cid`,`title`,`content`,`pic`,`status`,`type`,`created`,`gtm_create` from a_index_pic order by cid desc limit ?, ? 
2024-03-06 16:58:11 -==> Parameters: 0(Integer), 3(Integer)
2024-03-06 16:58:11 -<==      Total: 3
2024-03-06 16:58:11 -==>  Preparing: select `cid`,`title`,`content`,`pic`,`status`,`type`,`created`,`gtm_create` from a_product_pic order by cid desc limit ?, ? 
2024-03-06 16:58:11 -==> Parameters: 0(Integer), 6(Integer)
2024-03-06 16:58:11 -<==      Total: 5
2024-03-06 16:58:11 -耗时 : 67
2024-03-06 16:58:11 -返回值 : index/index
2024-03-06 17:02:09 -请求地址 : http://localhost:8080/shownews.html
2024-03-06 17:02:09 -HTTP METHOD : GET
2024-03-06 17:02:09 -CLASS_METHOD : com.bootdo.home.controller.HomeController.shownews
2024-03-06 17:02:09 -参数 : [123, {}]
2024-03-06 17:02:09 -==>  Preparing: select `cid`,`title`,`summary`,`pic`,`content`,`type`,`status`,`modified`,`created`,`author`,`gtm_create`,`gtm_modified` from a_news where cid = ? 
2024-03-06 17:02:09 -==> Parameters: 123(Long)
2024-03-06 17:02:09 -<==      Total: 1
2024-03-06 17:02:09 -==>  Preparing: select `cid`,`title`,`summary`,`pic`,`content`,`type`,`status`,`modified`,`created`,`author`,`gtm_create`,`gtm_modified` from a_news WHERE type = ? order by cid desc limit ?, ? 
2024-03-06 17:02:09 -==> Parameters: announcement(String), 0(Integer), 1(Integer)
2024-03-06 17:02:09 -<==      Total: 1
2024-03-06 17:02:09 -==>  Preparing: select `cid`,`title`,`summary`,`pic`,`content`,`type`,`status`,`modified`,`created`,`author`,`gtm_create`,`gtm_modified` from a_news WHERE type = ? order by cid desc limit ?, ? 
2024-03-06 17:02:09 -==> Parameters: case(String), 0(Integer), 1(Integer)
2024-03-06 17:02:09 -<==      Total: 1
2024-03-06 17:02:09 -==>  Preparing: select `cid`,`title`,`content`,`pic`,`status`,`type`,`created`,`gtm_create` from a_index_pic order by cid desc limit ?, ? 
2024-03-06 17:02:09 -==> Parameters: 0(Integer), 3(Integer)
2024-03-06 17:02:09 -<==      Total: 3
2024-03-06 17:02:09 -耗时 : 52
2024-03-06 17:02:09 -返回值 : index/shownews
2024-03-06 17:02:58 -Closing org.springframework.boot.web.servlet.context.AnnotationConfigServletWebServerApplicationContext@6404f418: startup date [Tue Mar 05 17:08:06 CST 2024]; root of context hierarchy
2024-03-06 17:02:58 -Stopping beans in phase 2147483647
2024-03-06 17:02:58 -Scheduler schedulerFactoryBean_$_NON_CLUSTERED paused.
2024-03-06 17:02:58 -Stopping...
2024-03-06 17:02:58 -BrokerAvailabilityEvent[available=false, SimpleBrokerMessageHandler [DefaultSubscriptionRegistry[cache[0 destination(s)], registry[0 sessions]]]]
2024-03-06 17:02:58 -Stopped.
2024-03-06 17:02:58 -Unregistering JMX-exposed beans on shutdown
2024-03-06 17:02:58 -Unregistering JMX-exposed beans
2024-03-06 17:02:58 -Shutting down ExecutorService 'brokerChannelExecutor'
2024-03-06 17:02:58 -Shutting down ExecutorService 'messageBrokerTaskScheduler'
2024-03-06 17:02:58 -Shutting down ExecutorService 'clientOutboundChannelExecutor'
2024-03-06 17:02:58 -Shutting down ExecutorService 'clientInboundChannelExecutor'
2024-03-06 17:02:58 -Scheduler schedulerFactoryBean_$_NON_CLUSTERED shutting down.
2024-03-06 17:02:58 -Scheduler schedulerFactoryBean_$_NON_CLUSTERED paused.
2024-03-06 17:02:58 -Scheduler schedulerFactoryBean_$_NON_CLUSTERED shutdown complete.
2024-03-06 17:02:58 -Shutting down Quartz Scheduler
2024-03-06 17:02:58 -{dataSource-1} closed
2024-03-06 17:02:58 -Disabled session validation scheduler.
2024-03-06 17:03:04 -Starting BootdoApplication on yanhaoluodeMacBook-Pro.local with PID 41637 (started by yanhaoluo in /Users/yanhaoluo/个人项目/门户网站源码/company-portal-master)
2024-03-06 17:03:04 -Running with Spring Boot v2.0.3.RELEASE, Spring v5.0.7.RELEASE
2024-03-06 17:03:04 -The following profiles are active: dev
2024-03-06 17:03:04 -Refreshing org.springframework.boot.web.servlet.context.AnnotationConfigServletWebServerApplicationContext@3e11f9e9: startup date [Wed Mar 06 17:03:04 CST 2024]; root of context hierarchy
2024-03-06 17:03:05 -Multiple Spring Data modules found, entering strict repository configuration mode!
2024-03-06 17:03:06 -Bean 'org.springframework.transaction.annotation.ProxyTransactionManagementConfiguration' of type [org.springframework.transaction.annotation.ProxyTransactionManagementConfiguration$$EnhancerBySpringCGLIB$$ca201e2e] is not eligible for getting processed by all BeanPostProcessors (for example: not eligible for auto-proxying)
2024-03-06 17:03:06 -Bean 'shiroConfig' of type [com.bootdo.system.config.ShiroConfig$$EnhancerBySpringCGLIB$$bc794cd5] is not eligible for getting processed by all BeanPostProcessors (for example: not eligible for auto-proxying)
2024-03-06 17:03:06 -Bean 'userRealm' of type [com.bootdo.system.shiro.realm.UserRealm] is not eligible for getting processed by all BeanPostProcessors (for example: not eligible for auto-proxying)
2024-03-06 17:03:06 -Bean 'cacheManager2' of type [net.sf.ehcache.CacheManager] is not eligible for getting processed by all BeanPostProcessors (for example: not eligible for auto-proxying)
2024-03-06 17:03:06 -Bean 'ehCacheManager' of type [org.apache.shiro.cache.ehcache.EhCacheManager] is not eligible for getting processed by all BeanPostProcessors (for example: not eligible for auto-proxying)
2024-03-06 17:03:06 -Cache with name 'com.bootdo.system.shiro.realm.UserRealm.authorizationCache' does not yet exist.  Creating now.
2024-03-06 17:03:06 -Added EhCache named [com.bootdo.system.shiro.realm.UserRealm.authorizationCache]
2024-03-06 17:03:06 -Bean 'sessionDAO' of type [org.apache.shiro.session.mgt.eis.MemorySessionDAO] is not eligible for getting processed by all BeanPostProcessors (for example: not eligible for auto-proxying)
2024-03-06 17:03:06 -Bean 'sessionManager' of type [org.apache.shiro.web.session.mgt.DefaultWebSessionManager] is not eligible for getting processed by all BeanPostProcessors (for example: not eligible for auto-proxying)
2024-03-06 17:03:06 -Bean 'securityManager' of type [org.apache.shiro.web.mgt.DefaultWebSecurityManager] is not eligible for getting processed by all BeanPostProcessors (for example: not eligible for auto-proxying)
2024-03-06 17:03:06 -Bean 'authorizationAttributeSourceAdvisor' of type [org.apache.shiro.spring.security.interceptor.AuthorizationAttributeSourceAdvisor] is not eligible for getting processed by all BeanPostProcessors (for example: not eligible for auto-proxying)
2024-03-06 17:03:06 -Tomcat initialized with port(s): 8080 (http)
2024-03-06 17:03:06 -Initializing ProtocolHandler ["http-nio-8080"]
2024-03-06 17:03:06 -Starting service [Tomcat]
2024-03-06 17:03:06 -Starting Servlet Engine: Apache Tomcat/8.5.31
2024-03-06 17:03:06 -The APR based Apache Tomcat Native library which allows optimal performance in production environments was not found on the java.library.path: [/Users/yanhaoluo/Library/Java/Extensions:/Library/Java/Extensions:/Network/Library/Java/Extensions:/System/Library/Java/Extensions:/usr/lib/java:.]
2024-03-06 17:03:07 -Initializing Spring embedded WebApplicationContext
2024-03-06 17:03:07 -Root WebApplicationContext: initialization completed in 2767 ms
2024-03-06 17:03:07 -Mapping filter: 'characterEncodingFilter' to: [/*]
2024-03-06 17:03:07 -Mapping filter: 'hiddenHttpMethodFilter' to: [/*]
2024-03-06 17:03:07 -Mapping filter: 'httpPutFormContentFilter' to: [/*]
2024-03-06 17:03:07 -Mapping filter: 'requestContextFilter' to: [/*]
2024-03-06 17:03:07 -Filter xssFilter was not registered (disabled)
2024-03-06 17:03:07 -Mapping filter: 'webStatFilter' to urls: [/*]
2024-03-06 17:03:07 -Mapping filter: 'shiroFilterFactoryBean' to: [/*]
2024-03-06 17:03:07 -Servlet statViewServlet mapped to [/druid/*]
2024-03-06 17:03:07 -Servlet dispatcherServlet mapped to [/]
2024-03-06 17:03:07 -{dataSource-1} inited
2024-03-06 17:03:08 -ProcessEngine default created
2024-03-06 17:03:09 -ApplicationContext registed-->org.springframework.boot.web.servlet.context.AnnotationConfigServletWebServerApplicationContext@3e11f9e9: startup date [Wed Mar 06 17:03:04 CST 2024]; root of context hierarchy
2024-03-06 17:03:09 -Using default implementation for ThreadExecutor
2024-03-06 17:03:09 -Initialized Scheduler Signaller of type: class org.quartz.core.SchedulerSignalerImpl
2024-03-06 17:03:09 -Quartz Scheduler v.2.2.1 created.
2024-03-06 17:03:09 -RAMJobStore initialized.
2024-03-06 17:03:09 -Scheduler meta-data: Quartz Scheduler (v2.2.1) 'schedulerFactoryBean' with instanceId 'NON_CLUSTERED'
  Scheduler class: 'org.quartz.core.QuartzScheduler' - running locally.
  NOT STARTED.
  Currently in standby mode.
  Number of jobs executed: 0
  Using thread pool 'org.quartz.simpl.SimpleThreadPool' - with 10 threads.
  Using job-store 'org.quartz.simpl.RAMJobStore' - which does not support persistence. and is not clustered.

2024-03-06 17:03:09 -Quartz scheduler 'schedulerFactoryBean' initialized from an externally provided properties instance.
2024-03-06 17:03:09 -Quartz scheduler version: 2.2.1
2024-03-06 17:03:09 -JobFactory set to: com.bootdo.common.quartz.factory.JobFactory@71e2c6d8
2024-03-06 17:03:09 -Initializing ExecutorService  'clientInboundChannelExecutor'
2024-03-06 17:03:09 -Initializing ExecutorService  'clientOutboundChannelExecutor'
2024-03-06 17:03:10 -Mapped "{[/activiti/model/{modelId}/json],methods=[GET]}" onto public com.fasterxml.jackson.databind.node.ObjectNode com.bootdo.activiti.controller.ModelController.getEditorJson(java.lang.String)
2024-03-06 17:03:10 -Mapped "{[/activiti/model/{modelId}/save],methods=[PUT]}" onto public void com.bootdo.activiti.controller.ModelController.saveModel(java.lang.String,java.lang.String,java.lang.String,java.lang.String,java.lang.String)
2024-03-06 17:03:10 -Mapped "{[/activiti/model/export/{id}],methods=[GET]}" onto public void com.bootdo.activiti.controller.ModelController.exportToXml(java.lang.String,javax.servlet.http.HttpServletResponse)
2024-03-06 17:03:10 -Mapped "{[/activiti/editor/stencilset],methods=[GET],produces=[application/json;charset=utf-8]}" onto public java.lang.String com.bootdo.activiti.controller.ModelController.getStencilset()
2024-03-06 17:03:10 -Mapped "{[/activiti/model/add]}" onto public void com.bootdo.activiti.controller.ModelController.newModel(javax.servlet.http.HttpServletResponse) throws java.io.UnsupportedEncodingException
2024-03-06 17:03:10 -Mapped "{[/activiti/model/edit/{id}],methods=[GET]}" onto public void com.bootdo.activiti.controller.ModelController.edit(javax.servlet.http.HttpServletResponse,java.lang.String)
2024-03-06 17:03:10 -Mapped "{[/activiti/model/deploy/{id}],methods=[POST]}" onto public com.bootdo.common.utils.R com.bootdo.activiti.controller.ModelController.deploy(java.lang.String) throws java.lang.Exception
2024-03-06 17:03:10 -Mapped "{[/activiti/model],methods=[GET]}" onto org.springframework.web.servlet.ModelAndView com.bootdo.activiti.controller.ModelController.model()
2024-03-06 17:03:10 -Mapped "{[/activiti/model/{id}],methods=[DELETE]}" onto public com.bootdo.common.utils.R com.bootdo.activiti.controller.ModelController.remove(java.lang.String)
2024-03-06 17:03:10 -Mapped "{[/activiti/model/list],methods=[GET]}" onto com.bootdo.common.utils.PageUtils com.bootdo.activiti.controller.ModelController.list(int,int)
2024-03-06 17:03:10 -Mapped "{[/activiti/model/batchRemove],methods=[POST]}" onto public com.bootdo.common.utils.R com.bootdo.activiti.controller.ModelController.batchRemove(java.lang.String[])
2024-03-06 17:03:10 -Mapped "{[/activiti/process/convertToModel/{procDefId}]}" onto public com.bootdo.common.utils.R com.bootdo.activiti.controller.ProcessController.convertToModel(java.lang.String,org.springframework.web.servlet.mvc.support.RedirectAttributes) throws java.io.UnsupportedEncodingException,javax.xml.stream.XMLStreamException
2024-03-06 17:03:10 -Mapped "{[/activiti/process/resource/read/{xml}/{id}]}" onto public void com.bootdo.activiti.controller.ProcessController.resourceRead(java.lang.String,java.lang.String,javax.servlet.http.HttpServletResponse) throws java.lang.Exception
2024-03-06 17:03:10 -Mapped "{[/activiti/process/save],methods=[POST]}" onto public com.bootdo.common.utils.R com.bootdo.activiti.controller.ProcessController.deploy(java.lang.String,java.lang.String,org.springframework.web.multipart.MultipartFile)
2024-03-06 17:03:10 -Mapped "{[/activiti/process],methods=[GET]}" onto org.springframework.web.servlet.ModelAndView com.bootdo.activiti.controller.ProcessController.process()
2024-03-06 17:03:10 -Mapped "{[/activiti/process/add],methods=[GET]}" onto public org.springframework.web.servlet.ModelAndView com.bootdo.activiti.controller.ProcessController.add()
2024-03-06 17:03:10 -Mapped "{[/activiti/process/remove],methods=[POST]}" onto public com.bootdo.common.utils.R com.bootdo.activiti.controller.ProcessController.remove(java.lang.String)
2024-03-06 17:03:10 -Mapped "{[/activiti/process/list],methods=[GET]}" onto com.bootdo.common.utils.PageUtils com.bootdo.activiti.controller.ProcessController.list(int,int)
2024-03-06 17:03:10 -Mapped "{[/activiti/process/batchRemove],methods=[POST]}" onto public com.bootdo.common.utils.R com.bootdo.activiti.controller.ProcessController.batchRemove(java.lang.String[])
2024-03-06 17:03:10 -Mapped "{[/act/salary/save],methods=[POST]}" onto public com.bootdo.common.utils.R com.bootdo.activiti.controller.SalaryController.saveOrUpdate(com.bootdo.activiti.domain.SalaryDO)
2024-03-06 17:03:10 -Mapped "{[/act/salary/form/{taskId}],methods=[GET]}" onto java.lang.String com.bootdo.activiti.controller.SalaryController.edit(java.lang.String,org.springframework.ui.Model)
2024-03-06 17:03:10 -Mapped "{[/act/salary],methods=[GET]}" onto java.lang.String com.bootdo.activiti.controller.SalaryController.Salary()
2024-03-06 17:03:10 -Mapped "{[/act/salary/form],methods=[GET]}" onto java.lang.String com.bootdo.activiti.controller.SalaryController.add()
2024-03-06 17:03:10 -Mapped "{[/act/salary/remove],methods=[POST]}" onto public com.bootdo.common.utils.R com.bootdo.activiti.controller.SalaryController.remove(java.lang.String)
2024-03-06 17:03:10 -Mapped "{[/act/salary/batchRemove],methods=[POST]}" onto public com.bootdo.common.utils.R com.bootdo.activiti.controller.SalaryController.remove(java.lang.String[])
2024-03-06 17:03:10 -Mapped "{[/act/salary/update]}" onto public com.bootdo.common.utils.R com.bootdo.activiti.controller.SalaryController.update(com.bootdo.activiti.domain.SalaryDO)
2024-03-06 17:03:10 -Mapped "{[/act/salary/list],methods=[GET]}" onto public com.bootdo.common.utils.PageUtils com.bootdo.activiti.controller.SalaryController.list(java.util.Map<java.lang.String, java.lang.Object>)
2024-03-06 17:03:10 -Mapped "{[/activiti/task/form/{procDefId}],methods=[GET]}" onto public void com.bootdo.activiti.controller.TaskController.startForm(java.lang.String,javax.servlet.http.HttpServletResponse) throws java.io.IOException
2024-03-06 17:03:10 -Mapped "{[/activiti/task/trace/photo/{procDefId}/{execId}]}" onto public void com.bootdo.activiti.controller.TaskController.tracePhoto(java.lang.String,java.lang.String,javax.servlet.http.HttpServletResponse) throws java.lang.Exception
2024-03-06 17:03:10 -Mapped "{[/activiti/task/todo],methods=[GET]}" onto org.springframework.web.servlet.ModelAndView com.bootdo.activiti.controller.TaskController.todo()
2024-03-06 17:03:10 -Mapped "{[/activiti/task/goto],methods=[GET]}" onto public org.springframework.web.servlet.ModelAndView com.bootdo.activiti.controller.TaskController.gotoTask()
2024-03-06 17:03:10 -Mapped "{[/activiti/task/todoList],methods=[GET]}" onto java.util.List<com.bootdo.activiti.vo.TaskVO> com.bootdo.activiti.controller.TaskController.todoList()
2024-03-06 17:03:10 -Mapped "{[/activiti/task/form/{procDefId}/{taskId}],methods=[GET]}" onto public void com.bootdo.activiti.controller.TaskController.form(java.lang.String,java.lang.String,javax.servlet.http.HttpServletResponse) throws java.io.IOException
2024-03-06 17:03:10 -Mapped "{[/activiti/task/gotoList],methods=[GET]}" onto com.bootdo.common.utils.PageUtils com.bootdo.activiti.controller.TaskController.list(int,int)
2024-03-06 17:03:10 -Mapped "{[/article/news/showarticle],methods=[GET]}" onto java.lang.String com.bootdo.article.controller.NewsController.showarticle(int,org.springframework.ui.Model)
2024-03-06 17:03:10 -Mapped "{[/article/news/edit/{cid}],methods=[GET]}" onto java.lang.String com.bootdo.article.controller.NewsController.edit(java.lang.Long,org.springframework.ui.Model)
2024-03-06 17:03:10 -Mapped "{[/article/news],methods=[GET]}" onto java.lang.String com.bootdo.article.controller.NewsController.News()
2024-03-06 17:03:10 -Mapped "{[/article/news/upload],methods=[POST]}" onto com.bootdo.common.utils.R com.bootdo.article.controller.NewsController.upload(org.springframework.web.multipart.MultipartFile,javax.servlet.http.HttpServletRequest)
2024-03-06 17:03:10 -Mapped "{[/article/news/add],methods=[GET]}" onto java.lang.String com.bootdo.article.controller.NewsController.add()
2024-03-06 17:03:10 -Mapped "{[/article/news/batchRemove],methods=[POST]}" onto public com.bootdo.common.utils.R com.bootdo.article.controller.NewsController.remove(java.lang.Long[])
2024-03-06 17:03:10 -Mapped "{[/article/news/remove],methods=[POST]}" onto public com.bootdo.common.utils.R com.bootdo.article.controller.NewsController.remove(java.lang.Long)
2024-03-06 17:03:10 -Mapped "{[/article/news/update]}" onto public com.bootdo.common.utils.R com.bootdo.article.controller.NewsController.update(com.bootdo.article.domain.NewsDO)
2024-03-06 17:03:10 -Mapped "{[/article/news/list],methods=[GET]}" onto public com.bootdo.common.utils.PageUtils com.bootdo.article.controller.NewsController.list(java.util.Map<java.lang.String, java.lang.Object>)
2024-03-06 17:03:10 -Mapped "{[/article/news/save],methods=[POST]}" onto public com.bootdo.common.utils.R com.bootdo.article.controller.NewsController.save(com.bootdo.article.domain.NewsDO)
2024-03-06 17:03:10 -Mapped "{[/common/aboutconfig/editShow],methods=[GET]}" onto public java.lang.String com.bootdo.common.controller.AboutInfoConfigController.edit(java.lang.Integer,org.springframework.ui.Model)
2024-03-06 17:03:10 -Mapped "{[/common/aboutconfig/update],methods=[POST]}" onto com.bootdo.common.utils.R com.bootdo.common.controller.AboutInfoConfigController.update(java.util.Map<java.lang.String, java.lang.Object>)
2024-03-06 17:03:10 -Mapped "{[/common/dict/list/{type}],methods=[GET]}" onto public java.util.List<com.bootdo.common.domain.DictDO> com.bootdo.common.controller.DictController.listByType(java.lang.String)
2024-03-06 17:03:10 -Mapped "{[/common/dict/edit/{id}],methods=[GET]}" onto java.lang.String com.bootdo.common.controller.DictController.edit(java.lang.Long,org.springframework.ui.Model)
2024-03-06 17:03:10 -Mapped "{[/common/dict/add/{type}/{description}],methods=[GET]}" onto java.lang.String com.bootdo.common.controller.DictController.addD(org.springframework.ui.Model,java.lang.String,java.lang.String)
2024-03-06 17:03:10 -Mapped "{[/common/dict],methods=[GET]}" onto java.lang.String com.bootdo.common.controller.DictController.dict()
2024-03-06 17:03:10 -Mapped "{[/common/dict/type],methods=[GET]}" onto public java.util.List<com.bootdo.common.domain.DictDO> com.bootdo.common.controller.DictController.listType()
2024-03-06 17:03:10 -Mapped "{[/common/dict/add],methods=[GET]}" onto java.lang.String com.bootdo.common.controller.DictController.add()
2024-03-06 17:03:10 -Mapped "{[/common/dict/batchRemove],methods=[POST]}" onto public com.bootdo.common.utils.R com.bootdo.common.controller.DictController.remove(java.lang.Long[])
2024-03-06 17:03:10 -Mapped "{[/common/dict/remove],methods=[POST]}" onto public com.bootdo.common.utils.R com.bootdo.common.controller.DictController.remove(java.lang.Long)
2024-03-06 17:03:10 -Mapped "{[/common/dict/update]}" onto public com.bootdo.common.utils.R com.bootdo.common.controller.DictController.update(com.bootdo.common.domain.DictDO)
2024-03-06 17:03:10 -Mapped "{[/common/dict/list],methods=[GET]}" onto public com.bootdo.common.utils.PageUtils com.bootdo.common.controller.DictController.list(java.util.Map<java.lang.String, java.lang.Object>)
2024-03-06 17:03:10 -Mapped "{[/common/dict/save],methods=[POST]}" onto public com.bootdo.common.utils.R com.bootdo.common.controller.DictController.save(com.bootdo.common.domain.DictDO)
2024-03-06 17:03:10 -Mapped "{[/common/sysFile/edit],methods=[GET]}" onto java.lang.String com.bootdo.common.controller.FileController.edit(java.lang.Long,org.springframework.ui.Model)
2024-03-06 17:03:10 -Mapped "{[/common/sysFile],methods=[GET]}" onto java.lang.String com.bootdo.common.controller.FileController.sysFile(org.springframework.ui.Model)
2024-03-06 17:03:10 -Mapped "{[/common/sysFile/upload],methods=[POST]}" onto com.bootdo.common.utils.R com.bootdo.common.controller.FileController.upload(org.springframework.web.multipart.MultipartFile,javax.servlet.http.HttpServletRequest)
2024-03-06 17:03:10 -Mapped "{[/common/sysFile/info/{id}]}" onto public com.bootdo.common.utils.R com.bootdo.common.controller.FileController.info(java.lang.Long)
2024-03-06 17:03:10 -Mapped "{[/common/sysFile/add],methods=[GET]}" onto java.lang.String com.bootdo.common.controller.FileController.add()
2024-03-06 17:03:10 -Mapped "{[/common/sysFile/remove],methods=[POST]}" onto public com.bootdo.common.utils.R com.bootdo.common.controller.FileController.remove(java.lang.Long,javax.servlet.http.HttpServletRequest)
2024-03-06 17:03:10 -Mapped "{[/common/sysFile/batchRemove],methods=[POST]}" onto public com.bootdo.common.utils.R com.bootdo.common.controller.FileController.remove(java.lang.Long[])
2024-03-06 17:03:10 -Mapped "{[/common/sysFile/update]}" onto public com.bootdo.common.utils.R com.bootdo.common.controller.FileController.update(com.bootdo.common.domain.FileDO)
2024-03-06 17:03:10 -Mapped "{[/common/sysFile/list],methods=[GET]}" onto public com.bootdo.common.utils.PageUtils com.bootdo.common.controller.FileController.list(java.util.Map<java.lang.String, java.lang.Object>)
2024-03-06 17:03:10 -Mapped "{[/common/sysFile/save],methods=[POST]}" onto public com.bootdo.common.utils.R com.bootdo.common.controller.FileController.save(com.bootdo.common.domain.FileDO)
2024-03-06 17:03:10 -Mapped "{[/common/generator/batchCode]}" onto public void com.bootdo.common.controller.GeneratorController.batchCode(javax.servlet.http.HttpServletRequest,javax.servlet.http.HttpServletResponse,java.lang.String) throws java.io.IOException
2024-03-06 17:03:10 -Mapped "{[/common/generator],methods=[GET]}" onto java.lang.String com.bootdo.common.controller.GeneratorController.generator()
2024-03-06 17:03:10 -Mapped "{[/common/generator/edit],methods=[GET]}" onto public java.lang.String com.bootdo.common.controller.GeneratorController.edit(org.springframework.ui.Model)
2024-03-06 17:03:10 -Mapped "{[/common/generator/code/{tableName}]}" onto public void com.bootdo.common.controller.GeneratorController.code(javax.servlet.http.HttpServletRequest,javax.servlet.http.HttpServletResponse,java.lang.String) throws java.io.IOException
2024-03-06 17:03:10 -Mapped "{[/common/generator/update],methods=[POST]}" onto com.bootdo.common.utils.R com.bootdo.common.controller.GeneratorController.update(java.util.Map<java.lang.String, java.lang.Object>)
2024-03-06 17:03:10 -Mapped "{[/common/generator/list],methods=[GET]}" onto java.util.List<java.util.Map<java.lang.String, java.lang.Object>> com.bootdo.common.controller.GeneratorController.list()
2024-03-06 17:03:10 -Mapped "{[/common/job],methods=[GET]}" onto java.lang.String com.bootdo.common.controller.JobController.taskScheduleJob()
2024-03-06 17:03:10 -Mapped "{[/common/job/changeJobStatus],methods=[POST]}" onto public com.bootdo.common.utils.R com.bootdo.common.controller.JobController.changeJobStatus(java.lang.Long,java.lang.String)
2024-03-06 17:03:10 -Mapped "{[/common/job/edit/{id}],methods=[GET]}" onto java.lang.String com.bootdo.common.controller.JobController.edit(java.lang.Long,org.springframework.ui.Model)
2024-03-06 17:03:10 -Mapped "{[/common/job/info/{id}]}" onto public com.bootdo.common.utils.R com.bootdo.common.controller.JobController.info(java.lang.Long)
2024-03-06 17:03:10 -Mapped "{[/common/job/add],methods=[GET]}" onto java.lang.String com.bootdo.common.controller.JobController.add()
2024-03-06 17:03:10 -Mapped "{[/common/job/remove],methods=[POST]}" onto public com.bootdo.common.utils.R com.bootdo.common.controller.JobController.remove(java.lang.Long)
2024-03-06 17:03:10 -Mapped "{[/common/job/batchRemove],methods=[POST]}" onto public com.bootdo.common.utils.R com.bootdo.common.controller.JobController.remove(java.lang.Long[])
2024-03-06 17:03:10 -Mapped "{[/common/job/update],methods=[POST]}" onto public com.bootdo.common.utils.R com.bootdo.common.controller.JobController.update(com.bootdo.common.domain.TaskDO)
2024-03-06 17:03:10 -Mapped "{[/common/job/list],methods=[GET]}" onto public com.bootdo.common.utils.PageUtils com.bootdo.common.controller.JobController.list(java.util.Map<java.lang.String, java.lang.Object>)
2024-03-06 17:03:10 -Mapped "{[/common/job/save],methods=[POST]}" onto public com.bootdo.common.utils.R com.bootdo.common.controller.JobController.save(com.bootdo.common.domain.TaskDO)
2024-03-06 17:03:10 -Mapped "{[/common/log/remove],methods=[POST]}" onto com.bootdo.common.utils.R com.bootdo.common.controller.LogController.remove(java.lang.Long)
2024-03-06 17:03:10 -Mapped "{[/common/log],methods=[GET]}" onto java.lang.String com.bootdo.common.controller.LogController.log()
2024-03-06 17:03:10 -Mapped "{[/common/log/list],methods=[GET]}" onto com.bootdo.common.domain.PageDO<com.bootdo.common.domain.LogDO> com.bootdo.common.controller.LogController.list(java.util.Map<java.lang.String, java.lang.Object>)
2024-03-06 17:03:10 -Mapped "{[/common/log/batchRemove],methods=[POST]}" onto com.bootdo.common.utils.R com.bootdo.common.controller.LogController.batchRemove(java.lang.Long[])
2024-03-06 17:03:10 -Mapped "{[/error],produces=[text/html]}" onto public org.springframework.web.servlet.ModelAndView com.bootdo.common.exception.MainsiteErrorController.errorHtml(javax.servlet.http.HttpServletRequest,javax.servlet.http.HttpServletResponse)
2024-03-06 17:03:10 -Mapped "{[/error]}" onto public com.bootdo.common.utils.R com.bootdo.common.exception.MainsiteErrorController.handleError(javax.servlet.http.HttpServletRequest,javax.servlet.http.HttpServletResponse)
2024-03-06 17:03:10 -Mapped "{[/list_article.html],methods=[GET]}" onto public java.lang.String com.bootdo.home.controller.HomeController.list_article(java.lang.Integer,org.springframework.ui.Model)
2024-03-06 17:03:10 -Mapped "{[/showproduct.html],methods=[GET]}" onto public java.lang.String com.bootdo.home.controller.HomeController.showproduct(int,org.springframework.ui.Model)
2024-03-06 17:03:10 -Mapped "{[/shownews1.html],methods=[GET]}" onto public java.lang.String com.bootdo.home.controller.HomeController.shownews1(org.springframework.ui.Model)
2024-03-06 17:03:10 -Mapped "{[/contactus.html],methods=[GET]}" onto public java.lang.String com.bootdo.home.controller.HomeController.contactus(org.springframework.ui.Model)
2024-03-06 17:03:10 -Mapped "{[/about.html],methods=[GET]}" onto public java.lang.String com.bootdo.home.controller.HomeController.about(java.lang.Integer,org.springframework.ui.Model)
2024-03-06 17:03:10 -Mapped "{[/product.html],methods=[GET]}" onto public java.lang.String com.bootdo.home.controller.HomeController.product(org.springframework.ui.Model)
2024-03-06 17:03:10 -Mapped "{[/shownews.htm],methods=[GET]}" onto public java.lang.String com.bootdo.home.controller.HomeController.shownews(org.springframework.ui.Model)
2024-03-06 17:03:10 -Mapped "{[/shownews.html],methods=[GET]}" onto public java.lang.String com.bootdo.home.controller.HomeController.shownews(int,org.springframework.ui.Model)
2024-03-06 17:03:10 -Mapped "{[/home],methods=[GET]}" onto java.lang.String com.bootdo.home.controller.HomeController.home(org.springframework.ui.Model)
2024-03-06 17:03:10 -Mapped "{[/index.html],methods=[GET]}" onto public java.lang.String com.bootdo.home.controller.HomeController.index(org.springframework.ui.Model)
2024-03-06 17:03:10 -Mapped "{[/home/indexinfo/list],methods=[POST]}" onto public com.alibaba.fastjson.JSONObject com.bootdo.home.controller.IndexInfoController.list(int,int)
2024-03-06 17:03:10 -Mapped "{[/indexpic/indexPic/edit/{cid}],methods=[GET]}" onto java.lang.String com.bootdo.indexpic.controller.IndexPicController.edit(java.lang.Long,org.springframework.ui.Model)
2024-03-06 17:03:10 -Mapped "{[/indexpic/indexPic/upload],methods=[POST]}" onto com.bootdo.common.utils.R com.bootdo.indexpic.controller.IndexPicController.upload(org.springframework.web.multipart.MultipartFile,javax.servlet.http.HttpServletRequest)
2024-03-06 17:03:10 -Mapped "{[/indexpic/indexPic],methods=[GET]}" onto java.lang.String com.bootdo.indexpic.controller.IndexPicController.IndexPic()
2024-03-06 17:03:10 -Mapped "{[/indexpic/indexPic/add],methods=[GET]}" onto java.lang.String com.bootdo.indexpic.controller.IndexPicController.add(org.springframework.ui.Model)
2024-03-06 17:03:10 -Mapped "{[/indexpic/indexPic/batchRemove],methods=[POST]}" onto public com.bootdo.common.utils.R com.bootdo.indexpic.controller.IndexPicController.remove(java.lang.Long[])
2024-03-06 17:03:10 -Mapped "{[/indexpic/indexPic/remove],methods=[POST]}" onto public com.bootdo.common.utils.R com.bootdo.indexpic.controller.IndexPicController.remove(java.lang.Long)
2024-03-06 17:03:10 -Mapped "{[/indexpic/indexPic/update]}" onto public com.bootdo.common.utils.R com.bootdo.indexpic.controller.IndexPicController.update(com.bootdo.indexpic.domain.IndexPicDO)
2024-03-06 17:03:10 -Mapped "{[/indexpic/indexPic/list],methods=[GET]}" onto public com.bootdo.common.utils.PageUtils com.bootdo.indexpic.controller.IndexPicController.list(java.util.Map<java.lang.String, java.lang.Object>)
2024-03-06 17:03:10 -Mapped "{[/indexpic/indexPic/save],methods=[POST]}" onto public com.bootdo.common.utils.R com.bootdo.indexpic.controller.IndexPicController.save(com.bootdo.indexpic.domain.IndexPicDO)
2024-03-06 17:03:10 -Mapped "{[/indexpic/picType/edit/{id}],methods=[GET]}" onto java.lang.String com.bootdo.indexpic.controller.PicTypeController.edit(java.lang.Integer,org.springframework.ui.Model)
2024-03-06 17:03:10 -Mapped "{[/indexpic/picType],methods=[GET]}" onto java.lang.String com.bootdo.indexpic.controller.PicTypeController.PicType()
2024-03-06 17:03:10 -Mapped "{[/indexpic/picType/add],methods=[GET]}" onto java.lang.String com.bootdo.indexpic.controller.PicTypeController.add()
2024-03-06 17:03:10 -Mapped "{[/indexpic/picType/remove],methods=[POST]}" onto public com.bootdo.common.utils.R com.bootdo.indexpic.controller.PicTypeController.remove(java.lang.Integer)
2024-03-06 17:03:10 -Mapped "{[/indexpic/picType/batchRemove],methods=[POST]}" onto public com.bootdo.common.utils.R com.bootdo.indexpic.controller.PicTypeController.remove(java.lang.Integer[])
2024-03-06 17:03:10 -Mapped "{[/indexpic/picType/update]}" onto public com.bootdo.common.utils.R com.bootdo.indexpic.controller.PicTypeController.update(com.bootdo.indexpic.domain.PicTypeDO)
2024-03-06 17:03:10 -Mapped "{[/indexpic/picType/list],methods=[GET]}" onto public com.bootdo.common.utils.PageUtils com.bootdo.indexpic.controller.PicTypeController.list(java.util.Map<java.lang.String, java.lang.Object>)
2024-03-06 17:03:10 -Mapped "{[/indexpic/picType/save],methods=[POST]}" onto public com.bootdo.common.utils.R com.bootdo.indexpic.controller.PicTypeController.save(com.bootdo.indexpic.domain.PicTypeDO)
2024-03-06 17:03:10 -Mapped "{[/oa/notify/selfNotify],methods=[GET]}" onto java.lang.String com.bootdo.oa.controller.NotifyController.selefNotify()
2024-03-06 17:03:10 -Mapped "{[/oa/notify/edit/{id}],methods=[GET]}" onto java.lang.String com.bootdo.oa.controller.NotifyController.edit(java.lang.Long,org.springframework.ui.Model)
2024-03-06 17:03:10 -Mapped "{[/oa/notify],methods=[GET]}" onto java.lang.String com.bootdo.oa.controller.NotifyController.oaNotify()
2024-03-06 17:03:10 -Mapped "{[/oa/notify/selfList],methods=[GET]}" onto com.bootdo.common.utils.PageUtils com.bootdo.oa.controller.NotifyController.selfList(java.util.Map<java.lang.String, java.lang.Object>)
2024-03-06 17:03:10 -Mapped "{[/oa/notify/add],methods=[GET]}" onto java.lang.String com.bootdo.oa.controller.NotifyController.add()
2024-03-06 17:03:10 -Mapped "{[/oa/notify/batchRemove],methods=[POST]}" onto public com.bootdo.common.utils.R com.bootdo.oa.controller.NotifyController.remove(java.lang.Long[])
2024-03-06 17:03:10 -Mapped "{[/oa/notify/remove],methods=[POST]}" onto public com.bootdo.common.utils.R com.bootdo.oa.controller.NotifyController.remove(java.lang.Long)
2024-03-06 17:03:10 -Mapped "{[/oa/notify/update]}" onto public com.bootdo.common.utils.R com.bootdo.oa.controller.NotifyController.update(com.bootdo.oa.domain.NotifyDO)
2024-03-06 17:03:10 -Mapped "{[/oa/notify/read/{id}],methods=[GET]}" onto java.lang.String com.bootdo.oa.controller.NotifyController.read(java.lang.Long,org.springframework.ui.Model)
2024-03-06 17:03:10 -Mapped "{[/oa/notify/list],methods=[GET]}" onto public com.bootdo.common.utils.PageUtils com.bootdo.oa.controller.NotifyController.list(java.util.Map<java.lang.String, java.lang.Object>)
2024-03-06 17:03:10 -Mapped "{[/oa/notify/save],methods=[POST]}" onto public com.bootdo.common.utils.R com.bootdo.oa.controller.NotifyController.save(com.bootdo.oa.domain.NotifyDO)
2024-03-06 17:03:10 -Mapped "{[/oa/notify/message],methods=[GET]}" onto com.bootdo.common.utils.PageUtils com.bootdo.oa.controller.NotifyController.message()
2024-03-06 17:03:10 -Mapped "{[/product/productPic],methods=[GET]}" onto java.lang.String com.bootdo.product.controller.ProductPicController.ProductPic()
2024-03-06 17:03:10 -Mapped "{[/product/productPic/edit/{cid}],methods=[GET]}" onto java.lang.String com.bootdo.product.controller.ProductPicController.edit(java.lang.Long,org.springframework.ui.Model)
2024-03-06 17:03:10 -Mapped "{[/product/productPic/upload],methods=[POST]}" onto com.bootdo.common.utils.R com.bootdo.product.controller.ProductPicController.upload(org.springframework.web.multipart.MultipartFile,javax.servlet.http.HttpServletRequest)
2024-03-06 17:03:10 -Mapped "{[/product/productPic/add],methods=[GET]}" onto java.lang.String com.bootdo.product.controller.ProductPicController.add()
2024-03-06 17:03:10 -Mapped "{[/product/productPic/batchRemove],methods=[POST]}" onto public com.bootdo.common.utils.R com.bootdo.product.controller.ProductPicController.remove(java.lang.Long[])
2024-03-06 17:03:10 -Mapped "{[/product/productPic/remove],methods=[POST]}" onto public com.bootdo.common.utils.R com.bootdo.product.controller.ProductPicController.remove(java.lang.Long)
2024-03-06 17:03:10 -Mapped "{[/product/productPic/update]}" onto public com.bootdo.common.utils.R com.bootdo.product.controller.ProductPicController.update(com.bootdo.product.domain.ProductPicDO)
2024-03-06 17:03:10 -Mapped "{[/product/productPic/list],methods=[GET]}" onto public com.bootdo.common.utils.PageUtils com.bootdo.product.controller.ProductPicController.list(java.util.Map<java.lang.String, java.lang.Object>)
2024-03-06 17:03:10 -Mapped "{[/product/productPic/save],methods=[POST]}" onto public com.bootdo.common.utils.R com.bootdo.product.controller.ProductPicController.save(com.bootdo.product.domain.ProductPicDO)
2024-03-06 17:03:10 -Mapped "{[/system/sysDept/edit/{deptId}],methods=[GET]}" onto java.lang.String com.bootdo.system.controller.DeptController.edit(java.lang.Long,org.springframework.ui.Model)
2024-03-06 17:03:10 -Mapped "{[/system/sysDept],methods=[GET]}" onto java.lang.String com.bootdo.system.controller.DeptController.dept()
2024-03-06 17:03:10 -Mapped "{[/system/sysDept/treeView],methods=[GET]}" onto java.lang.String com.bootdo.system.controller.DeptController.treeView()
2024-03-06 17:03:10 -Mapped "{[/system/sysDept/add/{pId}],methods=[GET]}" onto java.lang.String com.bootdo.system.controller.DeptController.add(java.lang.Long,org.springframework.ui.Model)
2024-03-06 17:03:10 -Mapped "{[/system/sysDept/batchRemove],methods=[POST]}" onto public com.bootdo.common.utils.R com.bootdo.system.controller.DeptController.remove(java.lang.Long[])
2024-03-06 17:03:10 -Mapped "{[/system/sysDept/remove],methods=[POST]}" onto public com.bootdo.common.utils.R com.bootdo.system.controller.DeptController.remove(java.lang.Long)
2024-03-06 17:03:10 -Mapped "{[/system/sysDept/update]}" onto public com.bootdo.common.utils.R com.bootdo.system.controller.DeptController.update(com.bootdo.system.domain.DeptDO)
2024-03-06 17:03:10 -Mapped "{[/system/sysDept/list],methods=[GET]}" onto public java.util.List<com.bootdo.system.domain.DeptDO> com.bootdo.system.controller.DeptController.list()
2024-03-06 17:03:10 -Mapped "{[/system/sysDept/save],methods=[POST]}" onto public com.bootdo.common.utils.R com.bootdo.system.controller.DeptController.save(com.bootdo.system.domain.DeptDO)
2024-03-06 17:03:10 -Mapped "{[/system/sysDept/tree],methods=[GET]}" onto public com.bootdo.common.domain.Tree<com.bootdo.system.domain.DeptDO> com.bootdo.system.controller.DeptController.tree()
2024-03-06 17:03:10 -Mapped "{[/login],methods=[POST]}" onto com.bootdo.common.utils.R com.bootdo.system.controller.LoginController.ajaxLogin(java.lang.String,java.lang.String,java.lang.String,javax.servlet.http.HttpServletRequest)
2024-03-06 17:03:10 -Mapped "{[/register],methods=[POST]}" onto public com.bootdo.common.utils.R com.bootdo.system.controller.LoginController.ajaxRegister(com.bootdo.system.domain.UserDO) throws java.lang.Exception
2024-03-06 17:03:10 -Mapped "{[/getVerify],methods=[GET]}" onto public void com.bootdo.system.controller.LoginController.getVerify(javax.servlet.http.HttpServletRequest,javax.servlet.http.HttpServletResponse)
2024-03-06 17:03:10 -Mapped "{[/login],methods=[GET]}" onto java.lang.String com.bootdo.system.controller.LoginController.login(org.springframework.ui.Model)
2024-03-06 17:03:10 -Mapped "{[/logout],methods=[GET]}" onto java.lang.String com.bootdo.system.controller.LoginController.logout()
2024-03-06 17:03:10 -Mapped "{[/ || ],methods=[GET]}" onto java.lang.String com.bootdo.system.controller.LoginController.welcome(org.springframework.ui.Model)
2024-03-06 17:03:10 -Mapped "{[/index],methods=[GET]}" onto java.lang.String com.bootdo.system.controller.LoginController.index(org.springframework.ui.Model)
2024-03-06 17:03:10 -Mapped "{[/main],methods=[GET]}" onto java.lang.String com.bootdo.system.controller.LoginController.main()
2024-03-06 17:03:10 -Mapped "{[/sys/menu/edit/{id}],methods=[GET]}" onto java.lang.String com.bootdo.system.controller.MenuController.edit(org.springframework.ui.Model,java.lang.Long)
2024-03-06 17:03:10 -Mapped "{[/sys/menu],methods=[GET]}" onto java.lang.String com.bootdo.system.controller.MenuController.menu(org.springframework.ui.Model)
2024-03-06 17:03:10 -Mapped "{[/sys/menu/add/{pId}],methods=[GET]}" onto java.lang.String com.bootdo.system.controller.MenuController.add(org.springframework.ui.Model,java.lang.Long)
2024-03-06 17:03:10 -Mapped "{[/sys/menu/remove],methods=[POST]}" onto com.bootdo.common.utils.R com.bootdo.system.controller.MenuController.remove(java.lang.Long)
2024-03-06 17:03:10 -Mapped "{[/sys/menu/update],methods=[POST]}" onto com.bootdo.common.utils.R com.bootdo.system.controller.MenuController.update(com.bootdo.system.domain.MenuDO)
2024-03-06 17:03:10 -Mapped "{[/sys/menu/list]}" onto java.util.List<com.bootdo.system.domain.MenuDO> com.bootdo.system.controller.MenuController.list(java.util.Map<java.lang.String, java.lang.Object>)
2024-03-06 17:03:10 -Mapped "{[/sys/menu/save],methods=[POST]}" onto com.bootdo.common.utils.R com.bootdo.system.controller.MenuController.save(com.bootdo.system.domain.MenuDO)
2024-03-06 17:03:10 -Mapped "{[/sys/menu/tree],methods=[GET]}" onto com.bootdo.common.domain.Tree<com.bootdo.system.domain.MenuDO> com.bootdo.system.controller.MenuController.tree()
2024-03-06 17:03:10 -Mapped "{[/sys/menu/tree/{roleId}],methods=[GET]}" onto com.bootdo.common.domain.Tree<com.bootdo.system.domain.MenuDO> com.bootdo.system.controller.MenuController.tree(java.lang.Long)
2024-03-06 17:03:10 -Mapped "{[/sys/role/edit/{id}],methods=[GET]}" onto java.lang.String com.bootdo.system.controller.RoleController.edit(java.lang.Long,org.springframework.ui.Model)
2024-03-06 17:03:10 -Mapped "{[/sys/role],methods=[GET]}" onto java.lang.String com.bootdo.system.controller.RoleController.role()
2024-03-06 17:03:10 -Mapped "{[/sys/role/add],methods=[GET]}" onto java.lang.String com.bootdo.system.controller.RoleController.add()
2024-03-06 17:03:10 -Mapped "{[/sys/role/update],methods=[POST]}" onto com.bootdo.common.utils.R com.bootdo.system.controller.RoleController.update(com.bootdo.system.domain.RoleDO)
2024-03-06 17:03:10 -Mapped "{[/sys/role/list],methods=[GET]}" onto java.util.List<com.bootdo.system.domain.RoleDO> com.bootdo.system.controller.RoleController.list()
2024-03-06 17:03:10 -Mapped "{[/sys/role/remove],methods=[POST]}" onto com.bootdo.common.utils.R com.bootdo.system.controller.RoleController.save(java.lang.Long)
2024-03-06 17:03:10 -Mapped "{[/sys/role/save],methods=[POST]}" onto com.bootdo.common.utils.R com.bootdo.system.controller.RoleController.save(com.bootdo.system.domain.RoleDO)
2024-03-06 17:03:10 -Mapped "{[/sys/role/batchRemove],methods=[POST]}" onto com.bootdo.common.utils.R com.bootdo.system.controller.RoleController.batchRemove(java.lang.Long[])
2024-03-06 17:03:10 -Mapped "{[/sys/online/forceLogout/{sessionId}]}" onto public com.bootdo.common.utils.R com.bootdo.system.controller.SessionController.forceLogout(java.lang.String,org.springframework.web.servlet.mvc.support.RedirectAttributes)
2024-03-06 17:03:10 -Mapped "{[/sys/online/sessionList]}" onto public java.util.Collection<org.apache.shiro.session.Session> com.bootdo.system.controller.SessionController.sessionList()
2024-03-06 17:03:10 -Mapped "{[/sys/online],methods=[GET]}" onto public java.lang.String com.bootdo.system.controller.SessionController.online()
2024-03-06 17:03:10 -Mapped "{[/sys/online/list]}" onto public java.util.List<com.bootdo.system.domain.UserOnline> com.bootdo.system.controller.SessionController.list()
2024-03-06 17:03:10 -Mapped "{[/sys/user/updatePersonal],methods=[POST]}" onto com.bootdo.common.utils.R com.bootdo.system.controller.UserController.updatePersonal(com.bootdo.system.domain.UserDO)
2024-03-06 17:03:10 -Mapped "{[/sys/user/adminResetPwd],methods=[POST]}" onto com.bootdo.common.utils.R com.bootdo.system.controller.UserController.adminResetPwd(com.bootdo.system.vo.UserVO)
2024-03-06 17:03:10 -Mapped "{[/sys/user/uploadImg],methods=[POST]}" onto com.bootdo.common.utils.R com.bootdo.system.controller.UserController.uploadImg(org.springframework.web.multipart.MultipartFile,java.lang.String,javax.servlet.http.HttpServletRequest)
2024-03-06 17:03:10 -Mapped "{[/sys/user/edit/{id}],methods=[GET]}" onto java.lang.String com.bootdo.system.controller.UserController.edit(org.springframework.ui.Model,java.lang.Long)
2024-03-06 17:03:10 -Mapped "{[/sys/user/treeView],methods=[GET]}" onto java.lang.String com.bootdo.system.controller.UserController.treeView()
2024-03-06 17:03:10 -Mapped "{[/sys/user],methods=[GET]}" onto java.lang.String com.bootdo.system.controller.UserController.user(org.springframework.ui.Model)
2024-03-06 17:03:10 -Mapped "{[/sys/user/resetPwd/{id}],methods=[GET]}" onto java.lang.String com.bootdo.system.controller.UserController.resetPwd(java.lang.Long,org.springframework.ui.Model)
2024-03-06 17:03:10 -Mapped "{[/sys/user/resetPwd],methods=[POST]}" onto com.bootdo.common.utils.R com.bootdo.system.controller.UserController.resetPwd(com.bootdo.system.vo.UserVO)
2024-03-06 17:03:10 -Mapped "{[/sys/user/personal],methods=[GET]}" onto java.lang.String com.bootdo.system.controller.UserController.personal(org.springframework.ui.Model)
2024-03-06 17:03:10 -Mapped "{[/sys/user/exit],methods=[POST]}" onto boolean com.bootdo.system.controller.UserController.exit(java.util.Map<java.lang.String, java.lang.Object>)
2024-03-06 17:03:10 -Mapped "{[/sys/user/add],methods=[GET]}" onto java.lang.String com.bootdo.system.controller.UserController.add(org.springframework.ui.Model)
2024-03-06 17:03:10 -Mapped "{[/sys/user/remove],methods=[POST]}" onto com.bootdo.common.utils.R com.bootdo.system.controller.UserController.remove(java.lang.Long)
2024-03-06 17:03:10 -Mapped "{[/sys/user/update],methods=[POST]}" onto com.bootdo.common.utils.R com.bootdo.system.controller.UserController.update(com.bootdo.system.domain.UserDO)
2024-03-06 17:03:10 -Mapped "{[/sys/user/list],methods=[GET]}" onto com.bootdo.common.utils.PageUtils com.bootdo.system.controller.UserController.list(java.util.Map<java.lang.String, java.lang.Object>)
2024-03-06 17:03:10 -Mapped "{[/sys/user/save],methods=[POST]}" onto com.bootdo.common.utils.R com.bootdo.system.controller.UserController.save(com.bootdo.system.domain.UserDO)
2024-03-06 17:03:10 -Mapped "{[/sys/user/batchRemove],methods=[POST]}" onto com.bootdo.common.utils.R com.bootdo.system.controller.UserController.batchRemove(java.lang.Long[])
2024-03-06 17:03:10 -Mapped "{[/sys/user/tree],methods=[GET]}" onto public com.bootdo.common.domain.Tree<com.bootdo.system.domain.DeptDO> com.bootdo.system.controller.UserController.tree()
2024-03-06 17:03:10 -Mapped "{[/v2/api-docs],methods=[GET],produces=[application/json || application/hal+json]}" onto public org.springframework.http.ResponseEntity<springfox.documentation.spring.web.json.Json> springfox.documentation.swagger2.web.Swagger2Controller.getDocumentation(java.lang.String,javax.servlet.http.HttpServletRequest)
2024-03-06 17:03:10 -Mapped "{[/swagger-resources/configuration/security]}" onto org.springframework.http.ResponseEntity<springfox.documentation.swagger.web.SecurityConfiguration> springfox.documentation.swagger.web.ApiResourceController.securityConfiguration()
2024-03-06 17:03:10 -Mapped "{[/swagger-resources/configuration/ui]}" onto org.springframework.http.ResponseEntity<springfox.documentation.swagger.web.UiConfiguration> springfox.documentation.swagger.web.ApiResourceController.uiConfiguration()
2024-03-06 17:03:10 -Mapped "{[/swagger-resources]}" onto org.springframework.http.ResponseEntity<java.util.List<springfox.documentation.swagger.web.SwaggerResource>> springfox.documentation.swagger.web.ApiResourceController.swaggerResources()
2024-03-06 17:03:10 -Initializing ExecutorService  'messageBrokerTaskScheduler'
2024-03-06 17:03:10 -Mapped URL path [/endpointChat/**] onto handler of type [class org.springframework.web.socket.sockjs.support.SockJsHttpRequestHandler]
2024-03-06 17:03:10 -Initializing ExecutorService  'brokerChannelExecutor'
2024-03-06 17:03:10 -Mapped URL path [/**/favicon.ico] onto handler of type [class org.springframework.web.servlet.resource.ResourceHttpRequestHandler]
2024-03-06 17:03:10 -Looking for @ControllerAdvice: org.springframework.boot.web.servlet.context.AnnotationConfigServletWebServerApplicationContext@3e11f9e9: startup date [Wed Mar 06 17:03:04 CST 2024]; root of context hierarchy
2024-03-06 17:03:10 -Mapped URL path [/webjars/**] onto handler of type [class org.springframework.web.servlet.resource.ResourceHttpRequestHandler]
2024-03-06 17:03:10 -Mapped URL path [/**] onto handler of type [class org.springframework.web.servlet.resource.ResourceHttpRequestHandler]
2024-03-06 17:03:10 -Mapped URL path [/files/**] onto handler of type [class org.springframework.web.servlet.resource.ResourceHttpRequestHandler]
2024-03-06 17:03:10 -Detected @ExceptionHandler methods in BDExceptionHandler
2024-03-06 17:03:11 -[THYMELEAF][main] Template Mode 'LEGACYHTML5' is deprecated. Using Template Mode 'HTML' instead.
2024-03-06 17:03:11 -Registering beans for JMX exposure on startup
2024-03-06 17:03:11 -Bean with name 'dataSource' has been autodetected for JMX exposure
2024-03-06 17:03:11 -Located MBean 'dataSource': registering with JMX server as MBean [com.alibaba.druid.pool:name=dataSource,type=DruidDataSource]
2024-03-06 17:03:11 -Starting beans in phase 2147483647
2024-03-06 17:03:11 -Context refreshed
2024-03-06 17:03:11 -Found 1 custom documentation plugin(s)
2024-03-06 17:03:11 -Scanning for api listing references
2024-03-06 17:03:12 -Generating unique operation named: editUsingGET_1
2024-03-06 17:03:12 -Generating unique operation named: removeUsingPOST_1
2024-03-06 17:03:12 -Generating unique operation named: updateUsingPOST_1
2024-03-06 17:03:12 -Generating unique operation named: addUsingGET_1
2024-03-06 17:03:12 -Generating unique operation named: editUsingGET_2
2024-03-06 17:03:12 -Generating unique operation named: listUsingGET_1
2024-03-06 17:03:12 -Generating unique operation named: removeUsingPOST_2
2024-03-06 17:03:12 -Generating unique operation named: removeUsingPOST_3
2024-03-06 17:03:12 -Generating unique operation named: saveUsingPOST_1
2024-03-06 17:03:12 -Generating unique operation named: updateUsingGET_1
2024-03-06 17:03:12 -Generating unique operation named: updateUsingHEAD_1
2024-03-06 17:03:12 -Generating unique operation named: updateUsingPOST_2
2024-03-06 17:03:12 -Generating unique operation named: updateUsingPUT_1
2024-03-06 17:03:12 -Generating unique operation named: updateUsingPATCH_1
2024-03-06 17:03:12 -Generating unique operation named: updateUsingDELETE_1
2024-03-06 17:03:12 -Generating unique operation named: updateUsingOPTIONS_1
2024-03-06 17:03:12 -Generating unique operation named: updateUsingTRACE_1
2024-03-06 17:03:12 -Generating unique operation named: addUsingGET_2
2024-03-06 17:03:12 -Generating unique operation named: editUsingGET_3
2024-03-06 17:03:12 -Generating unique operation named: listUsingGET_2
2024-03-06 17:03:12 -Generating unique operation named: removeUsingPOST_4
2024-03-06 17:03:12 -Generating unique operation named: removeUsingPOST_5
2024-03-06 17:03:12 -Generating unique operation named: saveUsingPOST_2
2024-03-06 17:03:12 -Generating unique operation named: updateUsingGET_2
2024-03-06 17:03:12 -Generating unique operation named: updateUsingHEAD_2
2024-03-06 17:03:12 -Generating unique operation named: updateUsingPOST_3
2024-03-06 17:03:12 -Generating unique operation named: updateUsingPUT_2
2024-03-06 17:03:12 -Generating unique operation named: updateUsingPATCH_2
2024-03-06 17:03:12 -Generating unique operation named: updateUsingDELETE_2
2024-03-06 17:03:12 -Generating unique operation named: updateUsingOPTIONS_2
2024-03-06 17:03:12 -Generating unique operation named: updateUsingTRACE_2
2024-03-06 17:03:12 -Generating unique operation named: editUsingGET_4
2024-03-06 17:03:12 -Generating unique operation named: listUsingGET_3
2024-03-06 17:03:12 -Generating unique operation named: updateUsingPOST_4
2024-03-06 17:03:12 -Generating unique operation named: shownewsUsingGET_1
2024-03-06 17:03:12 -Generating unique operation named: addUsingGET_3
2024-03-06 17:03:12 -Generating unique operation named: editUsingGET_5
2024-03-06 17:03:12 -Generating unique operation named: listUsingGET_4
2024-03-06 17:03:12 -Generating unique operation named: removeUsingPOST_6
2024-03-06 17:03:12 -Generating unique operation named: removeUsingPOST_7
2024-03-06 17:03:12 -Generating unique operation named: saveUsingPOST_3
2024-03-06 17:03:12 -Generating unique operation named: updateUsingGET_3
2024-03-06 17:03:12 -Generating unique operation named: updateUsingHEAD_3
2024-03-06 17:03:12 -Generating unique operation named: updateUsingPOST_5
2024-03-06 17:03:12 -Generating unique operation named: updateUsingPUT_3
2024-03-06 17:03:12 -Generating unique operation named: updateUsingPATCH_3
2024-03-06 17:03:12 -Generating unique operation named: updateUsingDELETE_3
2024-03-06 17:03:12 -Generating unique operation named: updateUsingOPTIONS_3
2024-03-06 17:03:12 -Generating unique operation named: updateUsingTRACE_3
2024-03-06 17:03:12 -Generating unique operation named: uploadUsingPOST_1
2024-03-06 17:03:12 -Generating unique operation named: addUsingGET_4
2024-03-06 17:03:12 -Generating unique operation named: editUsingGET_6
2024-03-06 17:03:12 -Generating unique operation named: infoUsingGET_1
2024-03-06 17:03:12 -Generating unique operation named: infoUsingHEAD_1
2024-03-06 17:03:12 -Generating unique operation named: infoUsingPOST_1
2024-03-06 17:03:12 -Generating unique operation named: infoUsingPUT_1
2024-03-06 17:03:12 -Generating unique operation named: infoUsingPATCH_1
2024-03-06 17:03:12 -Generating unique operation named: infoUsingDELETE_1
2024-03-06 17:03:12 -Generating unique operation named: infoUsingOPTIONS_1
2024-03-06 17:03:12 -Generating unique operation named: infoUsingTRACE_1
2024-03-06 17:03:12 -Generating unique operation named: listUsingGET_5
2024-03-06 17:03:12 -Generating unique operation named: removeUsingPOST_8
2024-03-06 17:03:12 -Generating unique operation named: removeUsingPOST_9
2024-03-06 17:03:12 -Generating unique operation named: saveUsingPOST_4
2024-03-06 17:03:12 -Generating unique operation named: updateUsingPOST_6
2024-03-06 17:03:12 -Generating unique operation named: listUsingGET_6
2024-03-06 17:03:12 -Generating unique operation named: removeUsingPOST_10
2024-03-06 17:03:12 -Generating unique operation named: indexUsingGET_1
2024-03-06 17:03:12 -Generating unique operation named: welcomeUsingGET_1
2024-03-06 17:03:12 -Generating unique operation named: addUsingGET_5
2024-03-06 17:03:12 -Generating unique operation named: editUsingGET_7
2024-03-06 17:03:12 -Generating unique operation named: listUsingGET_7
2024-03-06 17:03:12 -Generating unique operation named: listUsingPOST_1
2024-03-06 17:03:12 -Generating unique operation named: removeUsingPOST_11
2024-03-06 17:03:12 -Generating unique operation named: saveUsingPOST_5
2024-03-06 17:03:12 -Generating unique operation named: treeUsingGET_1
2024-03-06 17:03:12 -Generating unique operation named: treeUsingGET_2
2024-03-06 17:03:12 -Generating unique operation named: updateUsingPOST_7
2024-03-06 17:03:12 -Generating unique operation named: batchRemoveUsingPOST_1
2024-03-06 17:03:12 -Generating unique operation named: editUsingGET_8
2024-03-06 17:03:12 -Generating unique operation named: listUsingGET_8
2024-03-06 17:03:12 -Generating unique operation named: addUsingGET_6
2024-03-06 17:03:12 -Generating unique operation named: editUsingGET_9
2024-03-06 17:03:12 -Generating unique operation named: listUsingGET_9
2024-03-06 17:03:12 -Generating unique operation named: removeUsingPOST_12
2024-03-06 17:03:12 -Generating unique operation named: removeUsingPOST_13
2024-03-06 17:03:12 -Generating unique operation named: saveUsingPOST_6
2024-03-06 17:03:12 -Generating unique operation named: updateUsingGET_4
2024-03-06 17:03:12 -Generating unique operation named: updateUsingHEAD_4
2024-03-06 17:03:12 -Generating unique operation named: updateUsingPOST_8
2024-03-06 17:03:12 -Generating unique operation named: updateUsingPUT_4
2024-03-06 17:03:12 -Generating unique operation named: updateUsingPATCH_4
2024-03-06 17:03:12 -Generating unique operation named: updateUsingDELETE_4
2024-03-06 17:03:12 -Generating unique operation named: updateUsingOPTIONS_4
2024-03-06 17:03:12 -Generating unique operation named: updateUsingTRACE_4
2024-03-06 17:03:12 -Generating unique operation named: uploadUsingPOST_2
2024-03-06 17:03:12 -Generating unique operation named: addUsingGET_7
2024-03-06 17:03:12 -Generating unique operation named: editUsingGET_10
2024-03-06 17:03:12 -Generating unique operation named: listUsingGET_10
2024-03-06 17:03:12 -Generating unique operation named: removeUsingPOST_14
2024-03-06 17:03:12 -Generating unique operation named: removeUsingPOST_15
2024-03-06 17:03:12 -Generating unique operation named: saveUsingPOST_7
2024-03-06 17:03:12 -Generating unique operation named: updateUsingGET_5
2024-03-06 17:03:12 -Generating unique operation named: updateUsingHEAD_5
2024-03-06 17:03:12 -Generating unique operation named: updateUsingPOST_9
2024-03-06 17:03:12 -Generating unique operation named: updateUsingPUT_5
2024-03-06 17:03:12 -Generating unique operation named: updateUsingPATCH_5
2024-03-06 17:03:12 -Generating unique operation named: updateUsingDELETE_5
2024-03-06 17:03:12 -Generating unique operation named: updateUsingOPTIONS_5
2024-03-06 17:03:12 -Generating unique operation named: updateUsingTRACE_5
2024-03-06 17:03:12 -Generating unique operation named: addUsingGET_8
2024-03-06 17:03:12 -Generating unique operation named: editUsingGET_11
2024-03-06 17:03:12 -Generating unique operation named: listUsingGET_11
2024-03-06 17:03:12 -Generating unique operation named: removeUsingPOST_16
2024-03-06 17:03:12 -Generating unique operation named: removeUsingPOST_17
2024-03-06 17:03:12 -Generating unique operation named: saveUsingPOST_8
2024-03-06 17:03:12 -Generating unique operation named: updateUsingGET_6
2024-03-06 17:03:12 -Generating unique operation named: updateUsingHEAD_6
2024-03-06 17:03:12 -Generating unique operation named: updateUsingPOST_10
2024-03-06 17:03:12 -Generating unique operation named: updateUsingPUT_6
2024-03-06 17:03:12 -Generating unique operation named: updateUsingPATCH_6
2024-03-06 17:03:12 -Generating unique operation named: updateUsingDELETE_6
2024-03-06 17:03:12 -Generating unique operation named: updateUsingOPTIONS_6
2024-03-06 17:03:12 -Generating unique operation named: updateUsingTRACE_6
2024-03-06 17:03:12 -Generating unique operation named: addUsingGET_9
2024-03-06 17:03:12 -Generating unique operation named: batchRemoveUsingPOST_2
2024-03-06 17:03:12 -Generating unique operation named: deployUsingPOST_1
2024-03-06 17:03:12 -Generating unique operation named: listUsingGET_12
2024-03-06 17:03:12 -Generating unique operation named: removeUsingPOST_18
2024-03-06 17:03:12 -Generating unique operation named: addUsingGET_10
2024-03-06 17:03:12 -Generating unique operation named: editUsingGET_12
2024-03-06 17:03:12 -Generating unique operation named: listUsingGET_13
2024-03-06 17:03:12 -Generating unique operation named: removeUsingPOST_19
2024-03-06 17:03:12 -Generating unique operation named: removeUsingPOST_20
2024-03-06 17:03:12 -Generating unique operation named: saveUsingPOST_9
2024-03-06 17:03:12 -Generating unique operation named: updateUsingGET_7
2024-03-06 17:03:12 -Generating unique operation named: updateUsingHEAD_7
2024-03-06 17:03:12 -Generating unique operation named: updateUsingPOST_11
2024-03-06 17:03:12 -Generating unique operation named: updateUsingPUT_7
2024-03-06 17:03:12 -Generating unique operation named: updateUsingPATCH_7
2024-03-06 17:03:12 -Generating unique operation named: updateUsingDELETE_7
2024-03-06 17:03:12 -Generating unique operation named: updateUsingOPTIONS_7
2024-03-06 17:03:12 -Generating unique operation named: updateUsingTRACE_7
2024-03-06 17:03:12 -Generating unique operation named: uploadUsingPOST_3
2024-03-06 17:03:12 -Generating unique operation named: addUsingGET_11
2024-03-06 17:03:12 -Generating unique operation named: batchRemoveUsingPOST_3
2024-03-06 17:03:12 -Generating unique operation named: editUsingGET_13
2024-03-06 17:03:12 -Generating unique operation named: listUsingGET_14
2024-03-06 17:03:12 -Generating unique operation named: saveUsingPOST_10
2024-03-06 17:03:12 -Generating unique operation named: saveUsingPOST_11
2024-03-06 17:03:12 -Generating unique operation named: updateUsingPOST_12
2024-03-06 17:03:12 -Generating unique operation named: addUsingGET_12
2024-03-06 17:03:12 -Generating unique operation named: editUsingGET_14
2024-03-06 17:03:12 -Generating unique operation named: listUsingGET_15
2024-03-06 17:03:12 -Generating unique operation named: removeUsingPOST_21
2024-03-06 17:03:12 -Generating unique operation named: removeUsingPOST_22
2024-03-06 17:03:12 -Generating unique operation named: updateUsingGET_8
2024-03-06 17:03:12 -Generating unique operation named: updateUsingHEAD_8
2024-03-06 17:03:12 -Generating unique operation named: updateUsingPOST_13
2024-03-06 17:03:12 -Generating unique operation named: updateUsingPUT_8
2024-03-06 17:03:12 -Generating unique operation named: updateUsingPATCH_8
2024-03-06 17:03:12 -Generating unique operation named: updateUsingDELETE_8
2024-03-06 17:03:12 -Generating unique operation named: updateUsingOPTIONS_8
2024-03-06 17:03:12 -Generating unique operation named: updateUsingTRACE_8
2024-03-06 17:03:12 -Generating unique operation named: listUsingGET_16
2024-03-06 17:03:12 -Generating unique operation named: listUsingHEAD_1
2024-03-06 17:03:12 -Generating unique operation named: listUsingPOST_2
2024-03-06 17:03:12 -Generating unique operation named: listUsingPUT_1
2024-03-06 17:03:12 -Generating unique operation named: listUsingPATCH_1
2024-03-06 17:03:12 -Generating unique operation named: listUsingDELETE_1
2024-03-06 17:03:12 -Generating unique operation named: listUsingOPTIONS_1
2024-03-06 17:03:12 -Generating unique operation named: listUsingTRACE_1
2024-03-06 17:03:12 -Generating unique operation named: listUsingGET_17
2024-03-06 17:03:12 -Generating unique operation named: addUsingGET_13
2024-03-06 17:03:12 -Generating unique operation named: batchRemoveUsingPOST_4
2024-03-06 17:03:12 -Generating unique operation named: editUsingGET_15
2024-03-06 17:03:12 -Generating unique operation named: listUsingGET_18
2024-03-06 17:03:12 -Generating unique operation named: removeUsingPOST_23
2024-03-06 17:03:12 -Generating unique operation named: saveUsingPOST_12
2024-03-06 17:03:12 -Generating unique operation named: treeUsingGET_3
2024-03-06 17:03:12 -Generating unique operation named: treeViewUsingGET_1
2024-03-06 17:03:12 -Generating unique operation named: updateUsingPOST_14
2024-03-06 17:03:12 -Starting Quartz Scheduler now
2024-03-06 17:03:12 -Scheduler schedulerFactoryBean_$_NON_CLUSTERED started.
2024-03-06 17:03:12 -Starting...
2024-03-06 17:03:12 -BrokerAvailabilityEvent[available=true, SimpleBrokerMessageHandler [DefaultSubscriptionRegistry[cache[0 destination(s)], registry[0 sessions]]]]
2024-03-06 17:03:12 -Started.
2024-03-06 17:03:12 -Starting ProtocolHandler ["http-nio-8080"]
2024-03-06 17:03:12 -Using a shared selector for servlet write/read
2024-03-06 17:03:12 -Tomcat started on port(s): 8080 (http) with context path ''
2024-03-06 17:03:12 -Started BootdoApplication in 9.1 seconds (JVM running for 9.809)
2024-03-06 17:03:12 -==>  Preparing: select `id`,`cron_expression`,`method_name`,`is_concurrent`,`description`,`update_by`,`bean_class`,`create_date`,`job_status`,`job_group`,`update_date`,`create_by`,`spring_bean`,`job_name` from sys_task order by id desc 
2024-03-06 17:03:12 -==> Parameters: 
2024-03-06 17:03:12 -<==      Total: 1
2024-03-06 17:04:10 -WebSocketSession[0 current WS(0)-HttpStream(0)-HttpPoll(0), 0 total, 0 closed abnormally (0 connect failure, 0 send limit, 0 transport error)], stompSubProtocol[processed CONNECT(0)-CONNECTED(0)-DISCONNECT(0)], stompBrokerRelay[null], inboundChannel[pool size = 0, active threads = 0, queued tasks = 0, completed tasks = 0], outboundChannelpool size = 0, active threads = 0, queued tasks = 0, completed tasks = 0], sockJsScheduler[pool size = 1, active threads = 1, queued tasks = 0, completed tasks = 0]
